[debug] [2026-02-05T11:33:49.432Z] ----------------------------------------------------------------------
[debug] [2026-02-05T11:33:49.435Z] Command:       D:\nodejs\node.exe C:\Users\abdit\AppData\Roaming\npm\node_modules\firebase-tools\lib\bin\firebase.js init
[debug] [2026-02-05T11:33:49.435Z] CLI Version:   15.5.1
[debug] [2026-02-05T11:33:49.435Z] Platform:      win32
[debug] [2026-02-05T11:33:49.435Z] Node Version:  v22.18.0
[debug] [2026-02-05T11:33:49.435Z] Time:          Thu Feb 05 2026 14:33:49 GMT+0300 (East Africa Time)
[debug] [2026-02-05T11:33:49.435Z] ----------------------------------------------------------------------
[debug] 
[debug] [2026-02-05T11:33:49.438Z] >>> [apiv2][query] GET https://firebase-public.firebaseio.com/cli.json [none]
[info] 
     ######## #### ########  ######## ########     ###     ######  ########
     ##        ##  ##     ## ##       ##     ##  ##   ##  ##       ##
     ######    ##  ########  ######   ########  #########  ######  ######
     ##        ##  ##    ##  ##       ##     ## ##     ##       ## ##
     ##       #### ##     ## ######## ########  ##     ##  ######  ########

You're about to initialize a Firebase project in this directory:

  C:\Users\abdit\Documents\NEw App\coming-soon

[debug] [2026-02-05T11:33:51.507Z] *** [apiv2] error from fetch(https://firebase-public.firebaseio.com/cli.json, {"headers":{},"method":"GET"}): FetchError: request to https://firebase-public.firebaseio.com/cli.json failed, reason: self-signed certificate in certificate chain
[warn] !  Unable to fetch the CLI MOTD and remote config. This is not a fatal error, but may indicate an issue with your network connection. 
[debug] [2026-02-05T11:33:51.508Z] Failed to fetch MOTD FirebaseError: Failed to make request to https://firebase-public.firebaseio.com/cli.json
[info] 
=== Project Setup
[info] 
[info] First, let's associate this project directory with a Firebase project.
[info] You can create multiple project aliases by running firebase use --add, 
[info] 
[debug] [2026-02-05T11:33:58.459Z] > command requires scopes: ["email","openid","https://www.googleapis.com/auth/cloudplatformprojects.readonly","https://www.googleapis.com/auth/firebase","https://www.googleapis.com/auth/cloud-platform"]
[debug] [2026-02-05T11:33:58.460Z] > authorizing via signed-in user (abditwayessa2017@gmail.com)
[debug] [2026-02-05T11:33:58.461Z] Checked if tokens are valid: true, expires at: 1770294823428
[debug] [2026-02-05T11:33:58.461Z] Checked if tokens are valid: true, expires at: 1770294823428
[debug] [2026-02-05T11:33:58.461Z] >>> [apiv2][query] GET https://firebase.googleapis.com/v1beta1/projects pageSize=100
[debug] [2026-02-05T11:34:00.014Z] *** [apiv2] error from fetch(https://firebase.googleapis.com/v1beta1/projects?pageSize=100, {"headers":{},"method":"GET","signal":{"reason":""}}): FetchError: request to https://firebase.googleapis.com/v1beta1/projects?pageSize=100 failed, reason: self-signed certificate in certificate chain
[debug] [2026-02-05T11:34:00.014Z] Failed to make request to https://firebase.googleapis.com/v1beta1/projects?pageSize=100
[debug] [2026-02-05T11:34:00.015Z] FirebaseError: Failed to make request to https://firebase.googleapis.com/v1beta1/projects?pageSize=100
    at RetryOperation._fn (C:\Users\abdit\AppData\Roaming\npm\node_modules\firebase-tools\lib\apiv2.js:279:31)
    at process.processTicksAndRejections (node:internal/process/task_queues:105:5)
[error] 
[error] Error: Failed to list Firebase projects. See firebase-debug.log for more info.
[debug] [2026-02-05T11:34:05.050Z] ----------------------------------------------------------------------
[debug] [2026-02-05T11:34:05.053Z] Command:       D:\nodejs\node.exe C:\Users\abdit\AppData\Roaming\npm\node_modules\firebase-tools\lib\bin\firebase.js init
[debug] [2026-02-05T11:34:05.054Z] CLI Version:   15.5.1
[debug] [2026-02-05T11:34:05.054Z] Platform:      win32
[debug] [2026-02-05T11:34:05.054Z] Node Version:  v22.18.0
[debug] [2026-02-05T11:34:05.054Z] Time:          Thu Feb 05 2026 14:34:05 GMT+0300 (East Africa Time)
[debug] [2026-02-05T11:34:05.054Z] ----------------------------------------------------------------------
[debug] 
[debug] [2026-02-05T11:34:05.057Z] >>> [apiv2][query] GET https://firebase-public.firebaseio.com/cli.json [none]
[info] 
     ######## #### ########  ######## ########     ###     ######  ########
     ##        ##  ##     ## ##       ##     ##  ##   ##  ##       ##
     ######    ##  ########  ######   ########  #########  ######  ######
     ##        ##  ##    ##  ##       ##     ## ##     ##       ## ##
     ##       #### ##     ## ######## ########  ##     ##  ######  ########

You're about to initialize a Firebase project in this directory:

  C:\Users\abdit\Documents\NEw App\coming-soon

[debug] [2026-02-05T11:34:06.959Z] *** [apiv2] error from fetch(https://firebase-public.firebaseio.com/cli.json, {"headers":{},"method":"GET"}): FetchError: request to https://firebase-public.firebaseio.com/cli.json failed, reason: self-signed certificate in certificate chain
[warn] !  Unable to fetch the CLI MOTD and remote config. This is not a fatal error, but may indicate an issue with your network connection. 
[debug] [2026-02-05T11:34:06.961Z] Failed to fetch MOTD FirebaseError: Failed to make request to https://firebase-public.firebaseio.com/cli.json
[info] 
=== Project Setup
[info] 
[info] First, let's associate this project directory with a Firebase project.
[info] You can create multiple project aliases by running firebase use --add, 
[info] 
[debug] [2026-02-05T11:34:28.716Z] > command requires scopes: ["email","openid","https://www.googleapis.com/auth/cloudplatformprojects.readonly","https://www.googleapis.com/auth/firebase","https://www.googleapis.com/auth/cloud-platform"]
[debug] [2026-02-05T11:34:28.717Z] > authorizing via signed-in user (abditwayessa2017@gmail.com)
[debug] [2026-02-05T11:34:28.718Z] Checked if tokens are valid: true, expires at: 1770294823428
[debug] [2026-02-05T11:34:28.718Z] Checked if tokens are valid: true, expires at: 1770294823428
[debug] [2026-02-05T11:34:28.719Z] >>> [apiv2][query] GET https://firebase.googleapis.com/v1beta1/projects pageSize=100
[debug] [2026-02-05T11:34:29.189Z] *** [apiv2] error from fetch(https://firebase.googleapis.com/v1beta1/projects?pageSize=100, {"headers":{},"method":"GET","signal":{"reason":""}}): FetchError: request to https://firebase.googleapis.com/v1beta1/projects?pageSize=100 failed, reason: self-signed certificate in certificate chain
[debug] [2026-02-05T11:34:29.189Z] Failed to make request to https://firebase.googleapis.com/v1beta1/projects?pageSize=100
[debug] [2026-02-05T11:34:29.190Z] FirebaseError: Failed to make request to https://firebase.googleapis.com/v1beta1/projects?pageSize=100
    at RetryOperation._fn (C:\Users\abdit\AppData\Roaming\npm\node_modules\firebase-tools\lib\apiv2.js:279:31)
    at process.processTicksAndRejections (node:internal/process/task_queues:105:5)
[error] 
[error] Error: Failed to list Firebase projects. See firebase-debug.log for more info.
